<?xml version="1.0" encoding="UTF-8"?>
<!-- Generated by org.testng.reporters.JUnitReportReporter -->
<testsuite skipped="0" hostname="MNL-NGRANDIA-LT" name="controller.testsuite.testcase.Func_CollaborateUser" tests="1" failures="0" timestamp="06 Sep 2017 13:56:39 GMT" time="37.322" errors="0">
  <testcase name="verifyAddPersonalInfo" time="37.322" classname="controller.testsuite.testcase.Func_CollaborateUser"/>
</testsuite> <!-- controller.testsuite.testcase.Func_CollaborateUser -->
