<?xml version="1.0" encoding="UTF-8"?>
<!-- Generated by org.testng.reporters.JUnitReportReporter -->
<testsuite skipped="0" hostname="MNL-NGRANDIA-LT" name="controller.testsuite.testcase.Func_CollaborateUser" tests="1" failures="0" timestamp="06 Sep 2017 15:10:43 GMT" time="81.861" errors="0">
  <testcase name="verifyDelExternalContacts" time="81.861" classname="controller.testsuite.testcase.Func_CollaborateUser"/>
</testsuite> <!-- controller.testsuite.testcase.Func_CollaborateUser -->
