<?xml version="1.0" encoding="UTF-8"?>
<!-- Generated by org.testng.reporters.JUnitReportReporter -->
<testsuite skipped="0" hostname="MNL-NGRANDIA-LT" name="controller.testsuite.testcase.Func_CollaborateUser" tests="1" failures="0" timestamp="04 Sep 2017 21:03:55 GMT" time="51.664" errors="0">
  <testcase name="verifyAddExternalContacts" time="51.664" classname="controller.testsuite.testcase.Func_CollaborateUser"/>
</testsuite> <!-- controller.testsuite.testcase.Func_CollaborateUser -->
